2020-01-16 21:48:07,358 0      [           main] INFO         com.mchange.v2.log.MLog  - MLog clients using log4j logging.
2020-01-16 21:48:08,806 1448   [           main] INFO  m.mchange.v2.c3p0.C3P0Registry  - Initializing c3p0-0.9.1.2 [built 21-May-2007 15:04:56; debug? true; trace: 10]
2020-01-16 21:48:09,172 1814   [           main] DEBUG icPooledDataSourceManagerMBean  - MBean: com.mchange.v2.c3p0:type=PooledDataSource[1hge1eea71cg54wo4pqbdv|1ffe63b9] registered.
2020-01-16 21:48:09,981 2623   [           main] DEBUG resourcepool.BasicResourcePool  - incremented pending_acquires: 1
2020-01-16 21:48:09,982 2624   [           main] DEBUG resourcepool.BasicResourcePool  - incremented pending_acquires: 2
2020-01-16 21:48:09,983 2625   [           main] DEBUG resourcepool.BasicResourcePool  - incremented pending_acquires: 3
2020-01-16 21:48:09,986 2628   [           main] DEBUG resourcepool.BasicResourcePool  - com.mchange.v2.resourcepool.BasicResourcePool@409bf450 config: [start -> 3; min -> 3; max -> 15; inc -> 3; num_acq_attempts -> 30; acq_attempt_delay -> 1000; check_idle_resources_delay -> 0; mox_resource_age -> 0; max_idle_time -> 0; excess_max_idle_time -> 0; destroy_unreturned_resc_time -> 0; expiration_enforcement_delay -> 0; break_on_acquisition_failure -> false; debug_store_checkout_exceptions -> false]
2020-01-16 21:48:09,988 2630   [           main] INFO  l.AbstractPoolBackedDataSource  - Initializing c3p0 pool... com.mchange.v2.c3p0.ComboPooledDataSource [ acquireIncrement -> 3, acquireRetryAttempts -> 30, acquireRetryDelay -> 1000, autoCommitOnClose -> false, automaticTestTable -> null, breakAfterAcquireFailure -> false, checkoutTimeout -> 0, connectionCustomizerClassName -> null, connectionTesterClassName -> com.mchange.v2.c3p0.impl.DefaultConnectionTester, dataSourceName -> 1hge1eea71cg54wo4pqbdv|1ffe63b9, debugUnreturnedConnectionStackTraces -> false, description -> null, driverClass -> com.mysql.jdbc.Driver, factoryClassLocation -> null, forceIgnoreUnresolvedTransactions -> false, identityToken -> 1hge1eea71cg54wo4pqbdv|1ffe63b9, idleConnectionTestPeriod -> 0, initialPoolSize -> 3, jdbcUrl -> jdbc:mysql://localhost:3306/spring?useSSL=true, maxAdministrativeTaskTime -> 0, maxConnectionAge -> 0, maxIdleTime -> 0, maxIdleTimeExcessConnections -> 0, maxPoolSize -> 15, maxStatements -> 0, maxStatementsPerConnection -> 0, minPoolSize -> 3, numHelperThreads -> 3, numThreadsAwaitingCheckoutDefaultUser -> 0, preferredTestQuery -> null, properties -> {user=******, password=******}, propertyCycle -> 0, testConnectionOnCheckin -> false, testConnectionOnCheckout -> false, unreturnedConnectionTimeout -> 0, usesTraditionalReflectiveProxies -> false ]
2020-01-16 21:48:09,988 2630   [           main] DEBUG resourcepool.BasicResourcePool  - acquire test -- pool size: 0; target_pool_size: 3; desired target? 1
2020-01-16 21:48:09,988 2630   [           main] DEBUG resourcepool.BasicResourcePool  - awaitAvailable(): [unknown]
2020-01-16 21:48:09,988 2630   [           main] DEBUG resourcepool.BasicResourcePool  - trace com.mchange.v2.resourcepool.BasicResourcePool@409bf450 [managed: 0, unused: 0, excluded: 0]
2020-01-16 21:48:11,309 3951   [r$PoolThread-#0] DEBUG .impl.C3P0PooledConnectionPool  - com.mchange.v2.c3p0.impl.C3P0PooledConnectionPool$1PooledConnectionResourcePoolManager@7b561ae4.acquireResource() returning. 
2020-01-16 21:48:11,312 3954   [r$PoolThread-#0] DEBUG resourcepool.BasicResourcePool  - trace com.mchange.v2.resourcepool.BasicResourcePool@409bf450 [managed: 1, unused: 1, excluded: 0]
2020-01-16 21:48:11,322 3964   [r$PoolThread-#0] DEBUG resourcepool.BasicResourcePool  - decremented pending_acquires: 2
2020-01-16 21:48:11,326 3968   [r$PoolThread-#2] DEBUG .impl.C3P0PooledConnectionPool  - com.mchange.v2.c3p0.impl.C3P0PooledConnectionPool$1PooledConnectionResourcePoolManager@7b561ae4.acquireResource() returning. 
2020-01-16 21:48:11,329 3971   [r$PoolThread-#2] DEBUG resourcepool.BasicResourcePool  - trace com.mchange.v2.resourcepool.BasicResourcePool@409bf450 [managed: 2, unused: 2, excluded: 0] (e.g. com.mchange.v2.c3p0.impl.NewPooledConnection@2089327a)
2020-01-16 21:48:11,330 3972   [r$PoolThread-#2] DEBUG resourcepool.BasicResourcePool  - decremented pending_acquires: 1
2020-01-16 21:48:11,331 3973   [r$PoolThread-#1] DEBUG .impl.C3P0PooledConnectionPool  - com.mchange.v2.c3p0.impl.C3P0PooledConnectionPool$1PooledConnectionResourcePoolManager@7b561ae4.acquireResource() returning. 
2020-01-16 21:48:11,331 3973   [r$PoolThread-#1] DEBUG resourcepool.BasicResourcePool  - trace com.mchange.v2.resourcepool.BasicResourcePool@409bf450 [managed: 3, unused: 3, excluded: 0] (e.g. com.mchange.v2.c3p0.impl.NewPooledConnection@2089327a)
2020-01-16 21:48:11,336 3978   [r$PoolThread-#1] DEBUG resourcepool.BasicResourcePool  - decremented pending_acquires: 0
2020-01-16 21:48:11,340 3982   [           main] DEBUG resourcepool.BasicResourcePool  - trace com.mchange.v2.resourcepool.BasicResourcePool@409bf450 [managed: 3, unused: 2, excluded: 0] (e.g. com.mchange.v2.c3p0.impl.NewPooledConnection@2089327a)
2020-01-16 21:48:54,169 0      [           main] INFO         com.mchange.v2.log.MLog  - MLog clients using log4j logging.
2020-01-16 21:48:55,571 1402   [           main] INFO  m.mchange.v2.c3p0.C3P0Registry  - Initializing c3p0-0.9.1.2 [built 21-May-2007 15:04:56; debug? true; trace: 10]
2020-01-16 21:48:55,657 1488   [           main] DEBUG icPooledDataSourceManagerMBean  - MBean: com.mchange.v2.c3p0:type=PooledDataSource[1hge1eea71cg652b1bmvbn0|1ffe63b9] registered.
2020-01-16 21:48:56,982 2813   [           main] DEBUG resourcepool.BasicResourcePool  - incremented pending_acquires: 1
2020-01-16 21:48:56,983 2814   [           main] DEBUG resourcepool.BasicResourcePool  - incremented pending_acquires: 2
2020-01-16 21:48:56,985 2816   [           main] DEBUG resourcepool.BasicResourcePool  - incremented pending_acquires: 3
2020-01-16 21:48:56,985 2816   [           main] DEBUG resourcepool.BasicResourcePool  - com.mchange.v2.resourcepool.BasicResourcePool@409bf450 config: [start -> 3; min -> 3; max -> 15; inc -> 3; num_acq_attempts -> 30; acq_attempt_delay -> 1000; check_idle_resources_delay -> 0; mox_resource_age -> 0; max_idle_time -> 0; excess_max_idle_time -> 0; destroy_unreturned_resc_time -> 0; expiration_enforcement_delay -> 0; break_on_acquisition_failure -> false; debug_store_checkout_exceptions -> false]
2020-01-16 21:48:56,986 2817   [           main] INFO  l.AbstractPoolBackedDataSource  - Initializing c3p0 pool... com.mchange.v2.c3p0.ComboPooledDataSource [ acquireIncrement -> 3, acquireRetryAttempts -> 30, acquireRetryDelay -> 1000, autoCommitOnClose -> false, automaticTestTable -> null, breakAfterAcquireFailure -> false, checkoutTimeout -> 0, connectionCustomizerClassName -> null, connectionTesterClassName -> com.mchange.v2.c3p0.impl.DefaultConnectionTester, dataSourceName -> 1hge1eea71cg652b1bmvbn0|1ffe63b9, debugUnreturnedConnectionStackTraces -> false, description -> null, driverClass -> com.mysql.jdbc.Driver, factoryClassLocation -> null, forceIgnoreUnresolvedTransactions -> false, identityToken -> 1hge1eea71cg652b1bmvbn0|1ffe63b9, idleConnectionTestPeriod -> 0, initialPoolSize -> 3, jdbcUrl -> jdbc:mysql://localhost:3306/spring?useSSL=true, maxAdministrativeTaskTime -> 0, maxConnectionAge -> 0, maxIdleTime -> 0, maxIdleTimeExcessConnections -> 0, maxPoolSize -> 15, maxStatements -> 0, maxStatementsPerConnection -> 0, minPoolSize -> 3, numHelperThreads -> 3, numThreadsAwaitingCheckoutDefaultUser -> 0, preferredTestQuery -> null, properties -> {user=******, password=******}, propertyCycle -> 0, testConnectionOnCheckin -> false, testConnectionOnCheckout -> false, unreturnedConnectionTimeout -> 0, usesTraditionalReflectiveProxies -> false ]
2020-01-16 21:48:56,989 2820   [           main] DEBUG resourcepool.BasicResourcePool  - acquire test -- pool size: 0; target_pool_size: 3; desired target? 1
2020-01-16 21:48:56,990 2821   [           main] DEBUG resourcepool.BasicResourcePool  - awaitAvailable(): [unknown]
2020-01-16 21:48:56,990 2821   [           main] DEBUG resourcepool.BasicResourcePool  - trace com.mchange.v2.resourcepool.BasicResourcePool@409bf450 [managed: 0, unused: 0, excluded: 0]
2020-01-16 21:48:57,859 3690   [r$PoolThread-#0] DEBUG .impl.C3P0PooledConnectionPool  - com.mchange.v2.c3p0.impl.C3P0PooledConnectionPool$1PooledConnectionResourcePoolManager@7e66f648.acquireResource() returning. 
2020-01-16 21:48:57,863 3694   [r$PoolThread-#0] DEBUG resourcepool.BasicResourcePool  - trace com.mchange.v2.resourcepool.BasicResourcePool@409bf450 [managed: 1, unused: 1, excluded: 0]
2020-01-16 21:48:57,868 3699   [r$PoolThread-#0] DEBUG resourcepool.BasicResourcePool  - decremented pending_acquires: 2
2020-01-16 21:48:57,868 3699   [r$PoolThread-#1] DEBUG .impl.C3P0PooledConnectionPool  - com.mchange.v2.c3p0.impl.C3P0PooledConnectionPool$1PooledConnectionResourcePoolManager@7e66f648.acquireResource() returning. 
2020-01-16 21:48:57,868 3699   [r$PoolThread-#1] DEBUG resourcepool.BasicResourcePool  - trace com.mchange.v2.resourcepool.BasicResourcePool@409bf450 [managed: 2, unused: 2, excluded: 0] (e.g. com.mchange.v2.c3p0.impl.NewPooledConnection@23a68340)
2020-01-16 21:48:57,868 3699   [r$PoolThread-#1] DEBUG resourcepool.BasicResourcePool  - decremented pending_acquires: 1
2020-01-16 21:48:57,870 3701   [           main] DEBUG resourcepool.BasicResourcePool  - trace com.mchange.v2.resourcepool.BasicResourcePool@409bf450 [managed: 2, unused: 1, excluded: 0] (e.g. com.mchange.v2.c3p0.impl.NewPooledConnection@23a68340)
2020-01-16 21:48:57,893 3724   [r$PoolThread-#2] DEBUG .impl.C3P0PooledConnectionPool  - com.mchange.v2.c3p0.impl.C3P0PooledConnectionPool$1PooledConnectionResourcePoolManager@7e66f648.acquireResource() returning. 
2020-01-16 21:48:57,896 3727   [r$PoolThread-#2] DEBUG resourcepool.BasicResourcePool  - trace com.mchange.v2.resourcepool.BasicResourcePool@409bf450 [managed: 3, unused: 2, excluded: 0] (e.g. com.mchange.v2.c3p0.impl.NewPooledConnection@23a68340)
2020-01-16 21:48:57,896 3727   [r$PoolThread-#2] DEBUG resourcepool.BasicResourcePool  - decremented pending_acquires: 0
2020-01-16 22:00:05,216 0      [           main] INFO         com.mchange.v2.log.MLog  - MLog clients using log4j logging.
2020-01-16 22:00:05,970 754    [           main] INFO  m.mchange.v2.c3p0.C3P0Registry  - Initializing c3p0-0.9.1.2 [built 21-May-2007 15:04:56; debug? true; trace: 10]
2020-01-16 22:00:06,072 856    [           main] DEBUG icPooledDataSourceManagerMBean  - MBean: com.mchange.v2.c3p0:type=PooledDataSource[1hge1eea71cgkisv1y5cnak|3c9d0b9d] registered.
2020-01-16 22:00:06,541 1325   [           main] DEBUG resourcepool.BasicResourcePool  - incremented pending_acquires: 1
2020-01-16 22:00:06,541 1325   [           main] DEBUG resourcepool.BasicResourcePool  - incremented pending_acquires: 2
2020-01-16 22:00:06,541 1325   [           main] DEBUG resourcepool.BasicResourcePool  - incremented pending_acquires: 3
2020-01-16 22:00:06,541 1325   [           main] DEBUG resourcepool.BasicResourcePool  - com.mchange.v2.resourcepool.BasicResourcePool@72967906 config: [start -> 3; min -> 3; max -> 15; inc -> 3; num_acq_attempts -> 30; acq_attempt_delay -> 1000; check_idle_resources_delay -> 0; mox_resource_age -> 0; max_idle_time -> 0; excess_max_idle_time -> 0; destroy_unreturned_resc_time -> 0; expiration_enforcement_delay -> 0; break_on_acquisition_failure -> false; debug_store_checkout_exceptions -> false]
2020-01-16 22:00:06,542 1326   [           main] INFO  l.AbstractPoolBackedDataSource  - Initializing c3p0 pool... com.mchange.v2.c3p0.ComboPooledDataSource [ acquireIncrement -> 3, acquireRetryAttempts -> 30, acquireRetryDelay -> 1000, autoCommitOnClose -> false, automaticTestTable -> null, breakAfterAcquireFailure -> false, checkoutTimeout -> 0, connectionCustomizerClassName -> null, connectionTesterClassName -> com.mchange.v2.c3p0.impl.DefaultConnectionTester, dataSourceName -> 1hge1eea71cgkisv1y5cnak|3c9d0b9d, debugUnreturnedConnectionStackTraces -> false, description -> null, driverClass -> com.mysql.jdbc.Driver, factoryClassLocation -> null, forceIgnoreUnresolvedTransactions -> false, identityToken -> 1hge1eea71cgkisv1y5cnak|3c9d0b9d, idleConnectionTestPeriod -> 0, initialPoolSize -> 3, jdbcUrl -> jdbc:mysql://localhost:3306/spring?useSSL=true, maxAdministrativeTaskTime -> 0, maxConnectionAge -> 0, maxIdleTime -> 0, maxIdleTimeExcessConnections -> 0, maxPoolSize -> 15, maxStatements -> 0, maxStatementsPerConnection -> 0, minPoolSize -> 3, numHelperThreads -> 3, numThreadsAwaitingCheckoutDefaultUser -> 0, preferredTestQuery -> null, properties -> {user=******, password=******}, propertyCycle -> 0, testConnectionOnCheckin -> false, testConnectionOnCheckout -> false, unreturnedConnectionTimeout -> 0, usesTraditionalReflectiveProxies -> false ]
2020-01-16 22:00:06,543 1327   [           main] DEBUG resourcepool.BasicResourcePool  - acquire test -- pool size: 0; target_pool_size: 3; desired target? 1
2020-01-16 22:00:06,544 1328   [           main] DEBUG resourcepool.BasicResourcePool  - awaitAvailable(): [unknown]
2020-01-16 22:00:06,544 1328   [           main] DEBUG resourcepool.BasicResourcePool  - trace com.mchange.v2.resourcepool.BasicResourcePool@72967906 [managed: 0, unused: 0, excluded: 0]
2020-01-16 22:00:07,310 2094   [r$PoolThread-#0] DEBUG .impl.C3P0PooledConnectionPool  - com.mchange.v2.c3p0.impl.C3P0PooledConnectionPool$1PooledConnectionResourcePoolManager@141ce1b.acquireResource() returning. 
2020-01-16 22:00:07,312 2096   [r$PoolThread-#0] DEBUG resourcepool.BasicResourcePool  - trace com.mchange.v2.resourcepool.BasicResourcePool@72967906 [managed: 1, unused: 1, excluded: 0]
2020-01-16 22:00:07,312 2096   [r$PoolThread-#0] DEBUG resourcepool.BasicResourcePool  - decremented pending_acquires: 2
2020-01-16 22:00:07,317 2101   [           main] DEBUG resourcepool.BasicResourcePool  - trace com.mchange.v2.resourcepool.BasicResourcePool@72967906 [managed: 1, unused: 0, excluded: 0] (e.g. com.mchange.v2.c3p0.impl.NewPooledConnection@4b8c0a17)
2020-01-16 22:00:07,373 2157   [r$PoolThread-#2] DEBUG .impl.C3P0PooledConnectionPool  - com.mchange.v2.c3p0.impl.C3P0PooledConnectionPool$1PooledConnectionResourcePoolManager@141ce1b.acquireResource() returning. 
2020-01-16 22:00:07,374 2158   [r$PoolThread-#2] DEBUG resourcepool.BasicResourcePool  - trace com.mchange.v2.resourcepool.BasicResourcePool@72967906 [managed: 2, unused: 1, excluded: 0] (e.g. com.mchange.v2.c3p0.impl.NewPooledConnection@4b8c0a17)
2020-01-16 22:00:07,375 2159   [r$PoolThread-#2] DEBUG resourcepool.BasicResourcePool  - decremented pending_acquires: 1
2020-01-16 22:00:07,421 2205   [r$PoolThread-#1] DEBUG .impl.C3P0PooledConnectionPool  - com.mchange.v2.c3p0.impl.C3P0PooledConnectionPool$1PooledConnectionResourcePoolManager@141ce1b.acquireResource() returning. 
2020-01-16 22:00:07,423 2207   [r$PoolThread-#1] DEBUG resourcepool.BasicResourcePool  - trace com.mchange.v2.resourcepool.BasicResourcePool@72967906 [managed: 3, unused: 2, excluded: 0] (e.g. com.mchange.v2.c3p0.impl.NewPooledConnection@4b8c0a17)
2020-01-16 22:00:07,425 2209   [r$PoolThread-#1] DEBUG resourcepool.BasicResourcePool  - decremented pending_acquires: 0
2020-01-16 22:00:07,622 2406   [           main] DEBUG resourcepool.BasicResourcePool  - trace com.mchange.v2.resourcepool.BasicResourcePool@72967906 [managed: 3, unused: 1, excluded: 0] (e.g. com.mchange.v2.c3p0.impl.NewPooledConnection@4b8c0a17)
2020-01-16 22:00:07,717 2501   [           main] DEBUG resourcepool.BasicResourcePool  - trace com.mchange.v2.resourcepool.BasicResourcePool@72967906 [managed: 3, unused: 0, excluded: 0] (e.g. com.mchange.v2.c3p0.impl.NewPooledConnection@4b8c0a17)
2020-01-16 22:00:07,734 2518   [           main] DEBUG resourcepool.BasicResourcePool  - acquire test -- pool size: 3; target_pool_size: 3; desired target? 4
2020-01-16 22:00:07,734 2518   [           main] DEBUG resourcepool.BasicResourcePool  - incremented pending_acquires: 1
2020-01-16 22:00:07,736 2520   [           main] DEBUG resourcepool.BasicResourcePool  - incremented pending_acquires: 2
2020-01-16 22:00:07,736 2520   [           main] DEBUG resourcepool.BasicResourcePool  - incremented pending_acquires: 3
2020-01-16 22:00:07,737 2521   [           main] DEBUG resourcepool.BasicResourcePool  - awaitAvailable(): com.mchange.v2.c3p0.impl.NewPooledConnection@4b8c0a17
2020-01-16 22:00:07,737 2521   [           main] DEBUG resourcepool.BasicResourcePool  - trace com.mchange.v2.resourcepool.BasicResourcePool@72967906 [managed: 3, unused: 0, excluded: 0] (e.g. com.mchange.v2.c3p0.impl.NewPooledConnection@4b8c0a17)
2020-01-16 22:00:07,780 2564   [r$PoolThread-#1] DEBUG .impl.C3P0PooledConnectionPool  - com.mchange.v2.c3p0.impl.C3P0PooledConnectionPool$1PooledConnectionResourcePoolManager@141ce1b.acquireResource() returning. 
2020-01-16 22:00:07,780 2564   [r$PoolThread-#1] DEBUG resourcepool.BasicResourcePool  - trace com.mchange.v2.resourcepool.BasicResourcePool@72967906 [managed: 4, unused: 1, excluded: 0] (e.g. com.mchange.v2.c3p0.impl.NewPooledConnection@4b8c0a17)
2020-01-16 22:00:07,781 2565   [r$PoolThread-#1] DEBUG resourcepool.BasicResourcePool  - decremented pending_acquires: 2
2020-01-16 22:00:07,781 2565   [           main] DEBUG resourcepool.BasicResourcePool  - trace com.mchange.v2.resourcepool.BasicResourcePool@72967906 [managed: 4, unused: 0, excluded: 0] (e.g. com.mchange.v2.c3p0.impl.NewPooledConnection@4b8c0a17)
2020-01-16 22:00:07,877 2661   [           main] DEBUG resourcepool.BasicResourcePool  - acquire test -- pool size: 4; target_pool_size: 6; desired target? 5
2020-01-16 22:00:07,877 2661   [           main] DEBUG resourcepool.BasicResourcePool  - awaitAvailable(): com.mchange.v2.c3p0.impl.NewPooledConnection@4b8c0a17
2020-01-16 22:00:07,877 2661   [           main] DEBUG resourcepool.BasicResourcePool  - trace com.mchange.v2.resourcepool.BasicResourcePool@72967906 [managed: 4, unused: 0, excluded: 0] (e.g. com.mchange.v2.c3p0.impl.NewPooledConnection@4b8c0a17)
2020-01-16 22:00:07,886 2670   [r$PoolThread-#2] DEBUG .impl.C3P0PooledConnectionPool  - com.mchange.v2.c3p0.impl.C3P0PooledConnectionPool$1PooledConnectionResourcePoolManager@141ce1b.acquireResource() returning. 
2020-01-16 22:00:07,887 2671   [r$PoolThread-#2] DEBUG resourcepool.BasicResourcePool  - trace com.mchange.v2.resourcepool.BasicResourcePool@72967906 [managed: 5, unused: 1, excluded: 0] (e.g. com.mchange.v2.c3p0.impl.NewPooledConnection@4b8c0a17)
2020-01-16 22:00:07,887 2671   [r$PoolThread-#2] DEBUG resourcepool.BasicResourcePool  - decremented pending_acquires: 1
2020-01-16 22:00:07,888 2672   [           main] DEBUG resourcepool.BasicResourcePool  - trace com.mchange.v2.resourcepool.BasicResourcePool@72967906 [managed: 5, unused: 0, excluded: 0] (e.g. com.mchange.v2.c3p0.impl.NewPooledConnection@4b8c0a17)
2020-01-16 22:00:07,906 2690   [r$PoolThread-#0] DEBUG .impl.C3P0PooledConnectionPool  - com.mchange.v2.c3p0.impl.C3P0PooledConnectionPool$1PooledConnectionResourcePoolManager@141ce1b.acquireResource() returning. 
2020-01-16 22:00:07,908 2692   [r$PoolThread-#0] DEBUG resourcepool.BasicResourcePool  - trace com.mchange.v2.resourcepool.BasicResourcePool@72967906 [managed: 6, unused: 1, excluded: 0] (e.g. com.mchange.v2.c3p0.impl.NewPooledConnection@4b8c0a17)
2020-01-16 22:00:07,908 2692   [r$PoolThread-#0] DEBUG resourcepool.BasicResourcePool  - decremented pending_acquires: 0
2020-01-16 22:00:07,920 2704   [           main] DEBUG resourcepool.BasicResourcePool  - trace com.mchange.v2.resourcepool.BasicResourcePool@72967906 [managed: 6, unused: 0, excluded: 0] (e.g. com.mchange.v2.c3p0.impl.NewPooledConnection@4b8c0a17)
2020-01-16 22:00:07,934 2718   [           main] DEBUG resourcepool.BasicResourcePool  - acquire test -- pool size: 6; target_pool_size: 6; desired target? 7
2020-01-16 22:00:07,934 2718   [           main] DEBUG resourcepool.BasicResourcePool  - incremented pending_acquires: 1
2020-01-16 22:00:07,934 2718   [           main] DEBUG resourcepool.BasicResourcePool  - incremented pending_acquires: 2
2020-01-16 22:00:07,935 2719   [           main] DEBUG resourcepool.BasicResourcePool  - incremented pending_acquires: 3
2020-01-16 22:00:07,935 2719   [           main] DEBUG resourcepool.BasicResourcePool  - awaitAvailable(): com.mchange.v2.c3p0.impl.NewPooledConnection@4b8c0a17
2020-01-16 22:00:07,935 2719   [           main] DEBUG resourcepool.BasicResourcePool  - trace com.mchange.v2.resourcepool.BasicResourcePool@72967906 [managed: 6, unused: 0, excluded: 0] (e.g. com.mchange.v2.c3p0.impl.NewPooledConnection@4b8c0a17)
2020-01-16 22:00:08,014 2798   [r$PoolThread-#2] DEBUG .impl.C3P0PooledConnectionPool  - com.mchange.v2.c3p0.impl.C3P0PooledConnectionPool$1PooledConnectionResourcePoolManager@141ce1b.acquireResource() returning. 
2020-01-16 22:00:08,014 2798   [r$PoolThread-#2] DEBUG resourcepool.BasicResourcePool  - trace com.mchange.v2.resourcepool.BasicResourcePool@72967906 [managed: 7, unused: 1, excluded: 0] (e.g. com.mchange.v2.c3p0.impl.NewPooledConnection@4b8c0a17)
2020-01-16 22:00:08,015 2799   [r$PoolThread-#2] DEBUG resourcepool.BasicResourcePool  - decremented pending_acquires: 2
2020-01-16 22:00:08,015 2799   [           main] DEBUG resourcepool.BasicResourcePool  - trace com.mchange.v2.resourcepool.BasicResourcePool@72967906 [managed: 7, unused: 0, excluded: 0] (e.g. com.mchange.v2.c3p0.impl.NewPooledConnection@4b8c0a17)
2020-01-16 22:00:08,021 2805   [r$PoolThread-#1] DEBUG .impl.C3P0PooledConnectionPool  - com.mchange.v2.c3p0.impl.C3P0PooledConnectionPool$1PooledConnectionResourcePoolManager@141ce1b.acquireResource() returning. 
2020-01-16 22:00:08,021 2805   [r$PoolThread-#1] DEBUG resourcepool.BasicResourcePool  - trace com.mchange.v2.resourcepool.BasicResourcePool@72967906 [managed: 8, unused: 1, excluded: 0] (e.g. com.mchange.v2.c3p0.impl.NewPooledConnection@4b8c0a17)
2020-01-16 22:00:08,021 2805   [r$PoolThread-#1] DEBUG resourcepool.BasicResourcePool  - decremented pending_acquires: 1
2020-01-16 22:00:08,036 2820   [r$PoolThread-#0] DEBUG .impl.C3P0PooledConnectionPool  - com.mchange.v2.c3p0.impl.C3P0PooledConnectionPool$1PooledConnectionResourcePoolManager@141ce1b.acquireResource() returning. 
2020-01-16 22:00:08,036 2820   [r$PoolThread-#0] DEBUG resourcepool.BasicResourcePool  - trace com.mchange.v2.resourcepool.BasicResourcePool@72967906 [managed: 9, unused: 2, excluded: 0] (e.g. com.mchange.v2.c3p0.impl.NewPooledConnection@4b8c0a17)
2020-01-16 22:00:08,036 2820   [r$PoolThread-#0] DEBUG resourcepool.BasicResourcePool  - decremented pending_acquires: 0
